<?xml version="1.0" encoding="UTF-8"?>
<testsuite name="com.example.ambassadorpass.repository.KeycodeRepositoryTest" tests="4" skipped="0" failures="0" errors="0" timestamp="2024-12-08T09:46:26" hostname="ELVIS" time="2.19">
  <properties/>
  <testcase name="validateKeycode should return false for empty keycode" classname="com.example.ambassadorpass.repository.KeycodeRepositoryTest" time="1.238"/>
  <testcase name="validateKeycode should return false for Firestore exception" classname="com.example.ambassadorpass.repository.KeycodeRepositoryTest" time="0.866"/>
  <testcase name="validateKeycode should return false for invalid keycode" classname="com.example.ambassadorpass.repository.KeycodeRepositoryTest" time="0.076"/>
  <testcase name="validateKeycode should return true for valid keycode" classname="com.example.ambassadorpass.repository.KeycodeRepositoryTest" time="0.01"/>
  <system-out><![CDATA[]]></system-out>
  <system-err><![CDATA[]]></system-err>
</testsuite>
